{
  "RSpec": {
    "coverage": {
      "/home/qwerty/Документы/Ruby/beehive/lib/Data.rb": [
        1,
        null,
        1,
        1,
        1,
        1,
        1,
        null,
        1,
        null,
        1,
        1,
        0,
        null,
        null,
        null,
        1,
        1,
        0,
        null,
        null,
        null,
        1,
        3,
        0,
        null,
        null,
        null,
        1,
        2,
        0,
        null,
        null,
        null,
        null
      ],
      "/home/qwerty/Документы/Ruby/beehive/spec/lib/beehive_spec.rb": [
        1,
        1,
        1,
        1,
        1,
        1,
        null,
        1,
        null,
        1,
        1,
        null,
        null,
        null,
        null,
        1,
        null,
        1,
        1,
        null,
        null,
        1,
        1,
        1,
        1,
        null,
        null,
        1,
        1,
        1,
        1,
        1,
        null,
        null,
        1,
        1,
        1,
        99,
        null,
        1,
        null,
        null,
        null,
        1,
        1,
        1,
        null,
        null,
        1,
        1,
        1,
        1,
        null,
        null,
        1,
        1,
        1,
        1,
        1,
        null,
        null,
        1,
        1,
        1,
        99,
        null,
        1,
        null,
        null,
        null,
        1,
        null,
        1,
        1,
        null,
        null,
        null,
        null,
        null,
        null
      ],
      "/home/qwerty/Документы/Ruby/beehive/lib/Pollen.rb": [
        1,
        1,
        1,
        null,
        1,
        103,
        103,
        103,
        null,
        null,
        1,
        3,
        null,
        null,
        null
      ],
      "/home/qwerty/Документы/Ruby/beehive/lib/Bee.rb": [
        1,
        1,
        1,
        null,
        1,
        103,
        103,
        null,
        null,
        1,
        3,
        null,
        null,
        null
      ],
      "/home/qwerty/Документы/Ruby/beehive/lib/Harvest.rb": [
        1,
        1,
        null,
        1,
        1,
        1,
        1,
        1,
        null,
        null,
        1,
        null,
        null,
        null,
        null
      ]
    },
    "timestamp": 1447194019
  }
}
